[2015-11-11T23:40:44.662-0200] [glassfish 4.1] [INFO] [NCLS-LOGGING-00009] [javax.enterprise.logging] [tid: _ThreadID=18 _ThreadName=RunLevelControllerThread-1447292444283] [timeMillis: 1447292444662] [levelValue: 800] [[
  Running GlassFish Version: GlassFish Server Open Source Edition  4.1  (build 13)]]

[2015-11-11T23:40:44.688-0200] [glassfish 4.1] [INFO] [NCLS-LOGGING-00010] [javax.enterprise.logging] [tid: _ThreadID=18 _ThreadName=RunLevelControllerThread-1447292444283] [timeMillis: 1447292444688] [levelValue: 800] [[
  Server log file is using Formatter class: com.sun.enterprise.server.logging.ODLLogFormatter]]

[2015-11-11T23:40:46.010-0200] [glassfish 4.1] [INFO] [NCLS-SECURITY-01115] [javax.enterprise.system.core.security] [tid: _ThreadID=17 _ThreadName=RunLevelControllerThread-1447292444281] [timeMillis: 1447292446010] [levelValue: 800] [[
  Realm [admin-realm] of classtype [com.sun.enterprise.security.auth.realm.file.FileRealm] successfully created.]]

[2015-11-11T23:40:46.014-0200] [glassfish 4.1] [INFO] [NCLS-SECURITY-01115] [javax.enterprise.system.core.security] [tid: _ThreadID=17 _ThreadName=RunLevelControllerThread-1447292444281] [timeMillis: 1447292446014] [levelValue: 800] [[
  Realm [file] of classtype [com.sun.enterprise.security.auth.realm.file.FileRealm] successfully created.]]

[2015-11-11T23:40:46.021-0200] [glassfish 4.1] [INFO] [NCLS-SECURITY-01115] [javax.enterprise.system.core.security] [tid: _ThreadID=17 _ThreadName=RunLevelControllerThread-1447292444281] [timeMillis: 1447292446021] [levelValue: 800] [[
  Realm [certificate] of classtype [com.sun.enterprise.security.auth.realm.certificate.CertificateRealm] successfully created.]]

[2015-11-11T23:40:47.537-0200] [glassfish 4.1] [INFO] [SEC-SVCS-00100] [javax.enterprise.security.services] [tid: _ThreadID=18 _ThreadName=RunLevelControllerThread-1447292444283] [timeMillis: 1447292447537] [levelValue: 800] [[
  Authorization Service has successfully initialized.]]

[2015-11-11T23:40:48.435-0200] [glassfish 4.1] [INFO] [] [org.hibernate.validator.internal.util.Version] [tid: _ThreadID=20 _ThreadName=RunLevelControllerThread-1447292444299] [timeMillis: 1447292448435] [levelValue: 800] [[
  HV000001: Hibernate Validator 5.0.0.Final]]

[2015-11-11T23:40:48.901-0200] [glassfish 4.1] [INFO] [] [org.glassfish.ha.store.spi.BackingStoreFactoryRegistry] [tid: _ThreadID=19 _ThreadName=RunLevelControllerThread-1447292444298] [timeMillis: 1447292448901] [levelValue: 800] [[
  Registered org.glassfish.ha.store.adapter.cache.ShoalBackingStoreProxy for persistence-type = replicated in BackingStoreFactoryRegistry]]

[2015-11-11T23:40:49.351-0200] [glassfish 4.1] [INFO] [NCLS-CORE-00087] [javax.enterprise.system.core] [tid: _ThreadID=17 _ThreadName=RunLevelControllerThread-1447292444281] [timeMillis: 1447292449351] [levelValue: 800] [[
  Grizzly Framework 2.3.15 started in: 905ms - bound to [/0.0.0.0:8080]]]

[2015-11-11T23:40:49.428-0200] [glassfish 4.1] [INFO] [NCLS-CORE-00087] [javax.enterprise.system.core] [tid: _ThreadID=17 _ThreadName=RunLevelControllerThread-1447292444281] [timeMillis: 1447292449428] [levelValue: 800] [[
  Grizzly Framework 2.3.15 started in: 22ms - bound to [/0.0.0.0:8181]]]

[2015-11-11T23:40:49.455-0200] [glassfish 4.1] [INFO] [NCLS-CORE-00087] [javax.enterprise.system.core] [tid: _ThreadID=17 _ThreadName=RunLevelControllerThread-1447292444281] [timeMillis: 1447292449455] [levelValue: 800] [[
  Grizzly Framework 2.3.15 started in: 14ms - bound to [/0.0.0.0:4848]]]

[2015-11-11T23:40:49.619-0200] [glassfish 4.1] [INFO] [NCLS-CORE-00087] [javax.enterprise.system.core] [tid: _ThreadID=19 _ThreadName=RunLevelControllerThread-1447292444298] [timeMillis: 1447292449619] [levelValue: 800] [[
  Grizzly Framework 2.3.15 started in: 12ms - bound to [/0.0.0.0:3700]]]

[2015-11-11T23:40:50.165-0200] [glassfish 4.1] [INFO] [NCLS-CORE-00017] [javax.enterprise.system.core] [tid: _ThreadID=1 _ThreadName=main] [timeMillis: 1447292450165] [levelValue: 800] [[
  GlassFish Server Open Source Edition  4.1  (13) startup time : Felix (15.551ms), startup services(5.892ms), total(21.443ms)]]

[2015-11-11T23:40:52.125-0200] [glassfish 4.1] [INFO] [NCLS-CORE-00087] [javax.enterprise.system.core] [tid: _ThreadID=17 _ThreadName=RunLevelControllerThread-1447292444281] [timeMillis: 1447292452125] [levelValue: 800] [[
  Grizzly Framework 2.3.15 started in: 38ms - bound to [/0.0.0.0:7676]]]

[2015-11-11T23:40:52.256-0200] [glassfish 4.1] [INFO] [NCLS-BOOTSTRAP-00027] [javax.enterprise.bootstrap] [tid: _ThreadID=1 _ThreadName=main] [timeMillis: 1447292452256] [levelValue: 800] [[
  Registered com.sun.enterprise.glassfish.bootstrap.osgi.EmbeddedOSGiGlassFishImpl@3af58f76 as OSGi service registration: org.apache.felix.framework.ServiceRegistrationImpl@3a3ed300.]]

[2015-11-11T23:40:54.892-0200] [glassfish 4.1] [INFO] [NCLS-CORE-00087] [javax.enterprise.system.core] [tid: _ThreadID=53 _ThreadName=pool-8-thread-1] [timeMillis: 1447292454892] [levelValue: 800] [[
  Grizzly Framework 2.3.15 started in: 15ms - bound to [/0.0.0.0:8181]]]

[2015-11-11T23:40:55.348-0200] [glassfish 4.1] [INFO] [NCLS-CORE-00087] [javax.enterprise.system.core] [tid: _ThreadID=60 _ThreadName=pool-11-thread-1] [timeMillis: 1447292455348] [levelValue: 800] [[
  Grizzly Framework 2.3.15 started in: 19ms - bound to [/0.0.0.0:8080]]]

[2015-11-11T23:40:55.408-0200] [glassfish 4.1] [INFO] [NCLS-JMX-00005] [javax.enterprise.system.jmx] [tid: _ThreadID=68 _ThreadName=Thread-16] [timeMillis: 1447292455408] [levelValue: 800] [[
  JMXStartupService has started JMXConnector on JMXService URL service:jmx:rmi://Filipe-PC:8686/jndi/rmi://Filipe-PC:8686/jmxrmi]]

[2015-11-11T23:40:57.187-0200] [glassfish 4.1] [INFO] [] [javax.enterprise.system.tools.deployment.common] [tid: _ThreadID=44 _ThreadName=admin-listener(3)] [timeMillis: 1447292457187] [levelValue: 800] [[
  visiting unvisited references]]

[2015-11-11T23:40:57.741-0200] [glassfish 4.1] [INFO] [NCLS-SECURITY-01002] [javax.enterprise.system.core.security] [tid: _ThreadID=44 _ThreadName=admin-listener(3)] [timeMillis: 1447292457741] [levelValue: 800] [[
  Java security manager is disabled.]]

[2015-11-11T23:40:57.742-0200] [glassfish 4.1] [INFO] [NCLS-SECURITY-01010] [javax.enterprise.system.core.security] [tid: _ThreadID=44 _ThreadName=admin-listener(3)] [timeMillis: 1447292457742] [levelValue: 800] [[
  Entering Security Startup Service.]]

[2015-11-11T23:40:57.753-0200] [glassfish 4.1] [INFO] [NCLS-SECURITY-01143] [javax.enterprise.system.core.security] [tid: _ThreadID=44 _ThreadName=admin-listener(3)] [timeMillis: 1447292457753] [levelValue: 800] [[
  Loading policy provider com.sun.enterprise.security.provider.PolicyWrapper.]]

[2015-11-11T23:40:57.858-0200] [glassfish 4.1] [INFO] [NCLS-SECURITY-01011] [javax.enterprise.system.core.security] [tid: _ThreadID=44 _ThreadName=admin-listener(3)] [timeMillis: 1447292457858] [levelValue: 800] [[
  Security Service(s) started successfully.]]

[2015-11-11T23:40:58.503-0200] [glassfish 4.1] [INFO] [AS-WEB-GLUE-00198] [javax.enterprise.web] [tid: _ThreadID=44 _ThreadName=admin-listener(3)] [timeMillis: 1447292458503] [levelValue: 800] [[
  Created HTTP listener http-listener-1 on host/port 0.0.0.0:8080]]

[2015-11-11T23:40:58.511-0200] [glassfish 4.1] [INFO] [AS-WEB-GLUE-00198] [javax.enterprise.web] [tid: _ThreadID=44 _ThreadName=admin-listener(3)] [timeMillis: 1447292458511] [levelValue: 800] [[
  Created HTTP listener http-listener-2 on host/port 0.0.0.0:8181]]

[2015-11-11T23:40:58.521-0200] [glassfish 4.1] [INFO] [AS-WEB-GLUE-00198] [javax.enterprise.web] [tid: _ThreadID=44 _ThreadName=admin-listener(3)] [timeMillis: 1447292458521] [levelValue: 800] [[
  Created HTTP listener admin-listener on host/port 0.0.0.0:4848]]

[2015-11-11T23:40:58.561-0200] [glassfish 4.1] [INFO] [AS-WEB-GLUE-00200] [javax.enterprise.web] [tid: _ThreadID=44 _ThreadName=admin-listener(3)] [timeMillis: 1447292458561] [levelValue: 800] [[
  Created virtual server server]]

[2015-11-11T23:40:58.565-0200] [glassfish 4.1] [INFO] [AS-WEB-GLUE-00200] [javax.enterprise.web] [tid: _ThreadID=44 _ThreadName=admin-listener(3)] [timeMillis: 1447292458565] [levelValue: 800] [[
  Created virtual server __asadmin]]

[2015-11-11T23:40:58.957-0200] [glassfish 4.1] [INFO] [AS-WEB-CORE-00306] [javax.enterprise.web.core] [tid: _ThreadID=44 _ThreadName=admin-listener(3)] [timeMillis: 1447292458957] [levelValue: 800] [[
  Setting JAAS app name glassfish-web]]

[2015-11-11T23:40:58.958-0200] [glassfish 4.1] [INFO] [AS-WEB-GLUE-00201] [javax.enterprise.web] [tid: _ThreadID=44 _ThreadName=admin-listener(3)] [timeMillis: 1447292458958] [levelValue: 800] [[
  Virtual server server loaded default web module ]]

[2015-11-11T23:41:00.160-0200] [glassfish 4.1] [INFO] [] [javax.enterprise.system.tools.deployment.common] [tid: _ThreadID=44 _ThreadName=admin-listener(3)] [timeMillis: 1447292460160] [levelValue: 800] [[
  visiting unvisited references]]

[2015-11-11T23:41:00.168-0200] [glassfish 4.1] [INFO] [] [javax.enterprise.system.tools.deployment.common] [tid: _ThreadID=44 _ThreadName=admin-listener(3)] [timeMillis: 1447292460168] [levelValue: 800] [[
  visiting unvisited references]]

[2015-11-11T23:41:00.900-0200] [glassfish 4.1] [INFO] [AS-WEB-GLUE-00172] [javax.enterprise.web] [tid: _ThreadID=44 _ThreadName=admin-listener(3)] [timeMillis: 1447292460900] [levelValue: 800] [[
  Loading application [trabalhoAutomoveis] at [/trabalhoAutomoveis]]]

[2015-11-11T23:41:01.096-0200] [glassfish 4.1] [INFO] [] [javax.enterprise.system.core] [tid: _ThreadID=44 _ThreadName=admin-listener(3)] [timeMillis: 1447292461096] [levelValue: 800] [[
  trabalhoAutomoveis was successfully deployed in 4.581 milliseconds.]]

[2015-11-11T23:42:54.227-0200] [glassfish 4.1] [INFO] [] [] [tid: _ThreadID=69 _ThreadName=PingService] [timeMillis: 1447292574227] [levelValue: 800] [[
  Domain Pinged: release.glassfish.org]]

[2015-11-11T23:47:25.316-0200] [glassfish 4.1] [INFO] [] [javax.enterprise.system.tools.deployment.common] [tid: _ThreadID=42 _ThreadName=admin-listener(1)] [timeMillis: 1447292845316] [levelValue: 800] [[
  visiting unvisited references]]

[2015-11-11T23:47:26.049-0200] [glassfish 4.1] [INFO] [] [javax.enterprise.system.tools.deployment.common] [tid: _ThreadID=42 _ThreadName=admin-listener(1)] [timeMillis: 1447292846049] [levelValue: 800] [[
  visiting unvisited references]]

[2015-11-11T23:47:26.054-0200] [glassfish 4.1] [INFO] [] [javax.enterprise.system.tools.deployment.common] [tid: _ThreadID=42 _ThreadName=admin-listener(1)] [timeMillis: 1447292846054] [levelValue: 800] [[
  visiting unvisited references]]

[2015-11-11T23:47:26.355-0200] [glassfish 4.1] [INFO] [AS-WEB-GLUE-00172] [javax.enterprise.web] [tid: _ThreadID=42 _ThreadName=admin-listener(1)] [timeMillis: 1447292846355] [levelValue: 800] [[
  Loading application [trabalhoAutomoveis] at [/trabalhoAutomoveis]]]

[2015-11-11T23:47:26.674-0200] [glassfish 4.1] [INFO] [] [javax.enterprise.system.core] [tid: _ThreadID=42 _ThreadName=admin-listener(1)] [timeMillis: 1447292846674] [levelValue: 800] [[
  trabalhoAutomoveis was successfully deployed in 1.565 milliseconds.]]

[2015-11-11T23:50:32.683-0200] [glassfish 4.1] [INFO] [] [javax.enterprise.system.tools.deployment.common] [tid: _ThreadID=42 _ThreadName=admin-listener(1)] [timeMillis: 1447293032683] [levelValue: 800] [[
  visiting unvisited references]]

[2015-11-11T23:50:32.757-0200] [glassfish 4.1] [INFO] [] [javax.enterprise.system.tools.deployment.common] [tid: _ThreadID=42 _ThreadName=admin-listener(1)] [timeMillis: 1447293032757] [levelValue: 800] [[
  visiting unvisited references]]

[2015-11-11T23:50:32.763-0200] [glassfish 4.1] [INFO] [] [javax.enterprise.system.tools.deployment.common] [tid: _ThreadID=42 _ThreadName=admin-listener(1)] [timeMillis: 1447293032763] [levelValue: 800] [[
  visiting unvisited references]]

[2015-11-11T23:50:32.924-0200] [glassfish 4.1] [INFO] [AS-WEB-GLUE-00172] [javax.enterprise.web] [tid: _ThreadID=42 _ThreadName=admin-listener(1)] [timeMillis: 1447293032924] [levelValue: 800] [[
  Loading application [trabalhoAutomoveis] at [/trabalhoAutomoveis]]]

[2015-11-11T23:50:33.430-0200] [glassfish 4.1] [INFO] [] [javax.enterprise.system.core] [tid: _ThreadID=42 _ThreadName=admin-listener(1)] [timeMillis: 1447293033430] [levelValue: 800] [[
  trabalhoAutomoveis was successfully deployed in 824 milliseconds.]]

[2015-11-11T23:54:30.464-0200] [glassfish 4.1] [INFO] [NCLS-CORE-00092] [javax.enterprise.system.core] [tid: _ThreadID=168 _ThreadName=Thread-30] [timeMillis: 1447293270464] [levelValue: 800] [[
  Server shutdown initiated]]

[2015-11-11T23:54:30.467-0200] [glassfish 4.1] [INFO] [NCLS-BOOTSTRAP-00028] [javax.enterprise.bootstrap] [tid: _ThreadID=168 _ThreadName=Thread-30] [timeMillis: 1447293270467] [levelValue: 800] [[
  Unregistered com.sun.enterprise.glassfish.bootstrap.osgi.EmbeddedOSGiGlassFishImpl@3af58f76 from service registry.]]

[2015-11-11T23:54:30.470-0200] [glassfish 4.1] [INFO] [] [] [tid: _ThreadID=168 _ThreadName=Thread-8] [timeMillis: 1447293270470] [levelValue: 800] [[
  FileMonitoring shutdown]]

[2015-11-11T23:54:30.477-0200] [glassfish 4.1] [INFO] [NCLS-JMX-00002] [javax.enterprise.system.jmx] [tid: _ThreadID=168 _ThreadName=Thread-30] [timeMillis: 1447293270477] [levelValue: 800] [[
  JMXStartupService: Stopped JMXConnectorServer: null]]

[2015-11-11T23:54:30.478-0200] [glassfish 4.1] [INFO] [NCLS-JMX-00001] [javax.enterprise.system.jmx] [tid: _ThreadID=168 _ThreadName=Thread-30] [timeMillis: 1447293270478] [levelValue: 800] [[
  JMXStartupService and JMXConnectors have been shut down.]]

[2015-11-11T23:54:30.591-0200] [glassfish 4.1] [INFO] [] [] [tid: _ThreadID=172 _ThreadName=Thread-8] [timeMillis: 1447293270591] [levelValue: 800] [[
  JdbcRuntimeExtension,  getAllSystemRAResourcesAndPools = [GlassFishConfigBean.org.glassfish.jdbc.config.JdbcResource, GlassFishConfigBean.org.glassfish.jdbc.config.JdbcResource, GlassFishConfigBean.org.glassfish.jdbc.config.JdbcResource, GlassFishConfigBean.org.glassfish.jdbc.config.JdbcConnectionPool, GlassFishConfigBean.org.glassfish.jdbc.config.JdbcConnectionPool, GlassFishConfigBean.org.glassfish.jdbc.config.JdbcConnectionPool]]]

[2016-08-20T22:19:57.246-0300] [glassfish 4.1] [INFO] [NCLS-LOGGING-00009] [javax.enterprise.logging] [tid: _ThreadID=17 _ThreadName=RunLevelControllerThread-1471742393312] [timeMillis: 1471742397246] [levelValue: 800] [[
  Running GlassFish Version: GlassFish Server Open Source Edition  4.1  (build 13)]]

[2016-08-20T22:19:57.248-0300] [glassfish 4.1] [INFO] [NCLS-LOGGING-00010] [javax.enterprise.logging] [tid: _ThreadID=17 _ThreadName=RunLevelControllerThread-1471742393312] [timeMillis: 1471742397248] [levelValue: 800] [[
  Server log file is using Formatter class: com.sun.enterprise.server.logging.ODLLogFormatter]]

[2016-08-20T22:19:57.509-0300] [glassfish 4.1] [INFO] [NCLS-SECURITY-01115] [javax.enterprise.system.core.security] [tid: _ThreadID=16 _ThreadName=RunLevelControllerThread-1471742393309] [timeMillis: 1471742397509] [levelValue: 800] [[
  Realm [admin-realm] of classtype [com.sun.enterprise.security.auth.realm.file.FileRealm] successfully created.]]

[2016-08-20T22:19:57.554-0300] [glassfish 4.1] [INFO] [NCLS-SECURITY-01115] [javax.enterprise.system.core.security] [tid: _ThreadID=16 _ThreadName=RunLevelControllerThread-1471742393309] [timeMillis: 1471742397554] [levelValue: 800] [[
  Realm [file] of classtype [com.sun.enterprise.security.auth.realm.file.FileRealm] successfully created.]]

[2016-08-20T22:19:57.560-0300] [glassfish 4.1] [INFO] [NCLS-SECURITY-01115] [javax.enterprise.system.core.security] [tid: _ThreadID=16 _ThreadName=RunLevelControllerThread-1471742393309] [timeMillis: 1471742397560] [levelValue: 800] [[
  Realm [certificate] of classtype [com.sun.enterprise.security.auth.realm.certificate.CertificateRealm] successfully created.]]

[2016-08-20T22:19:57.998-0300] [glassfish 4.1] [INFO] [SEC-SVCS-00100] [javax.enterprise.security.services] [tid: _ThreadID=18 _ThreadName=RunLevelControllerThread-1471742393329] [timeMillis: 1471742397998] [levelValue: 800] [[
  Authorization Service has successfully initialized.]]

[2016-08-20T22:19:58.106-0300] [glassfish 4.1] [INFO] [] [org.glassfish.ha.store.spi.BackingStoreFactoryRegistry] [tid: _ThreadID=19 _ThreadName=RunLevelControllerThread-1471742393329] [timeMillis: 1471742398106] [levelValue: 800] [[
  Registered org.glassfish.ha.store.adapter.cache.ShoalBackingStoreProxy for persistence-type = replicated in BackingStoreFactoryRegistry]]

[2016-08-20T22:19:58.317-0300] [glassfish 4.1] [SEVERE] [NCLS-CORE-00043] [javax.enterprise.system.core] [tid: _ThreadID=17 _ThreadName=RunLevelControllerThread-1471742393312] [timeMillis: 1471742398317] [levelValue: 1000] [[
  Application previously deployed is not at its original location any more: file:/C:/Users/Filipe/Desktop/trabalhoAutomoveis/build/web/]]

[2016-08-20T22:19:59.397-0300] [glassfish 4.1] [INFO] [NCLS-CORE-00087] [javax.enterprise.system.core] [tid: _ThreadID=16 _ThreadName=RunLevelControllerThread-1471742393309] [timeMillis: 1471742399397] [levelValue: 800] [[
  Grizzly Framework 2.3.15 started in: 226ms - bound to [/0.0.0.0:8080]]]

[2016-08-20T22:19:59.497-0300] [glassfish 4.1] [INFO] [NCLS-CORE-00087] [javax.enterprise.system.core] [tid: _ThreadID=16 _ThreadName=RunLevelControllerThread-1471742393309] [timeMillis: 1471742399497] [levelValue: 800] [[
  Grizzly Framework 2.3.15 started in: 8ms - bound to [/0.0.0.0:8181]]]

[2016-08-20T22:19:59.533-0300] [glassfish 4.1] [INFO] [NCLS-CORE-00087] [javax.enterprise.system.core] [tid: _ThreadID=16 _ThreadName=RunLevelControllerThread-1471742393309] [timeMillis: 1471742399533] [levelValue: 800] [[
  Grizzly Framework 2.3.15 started in: 7ms - bound to [/0.0.0.0:4848]]]

[2016-08-20T22:19:59.676-0300] [glassfish 4.1] [INFO] [NCLS-CORE-00087] [javax.enterprise.system.core] [tid: _ThreadID=18 _ThreadName=RunLevelControllerThread-1471742393329] [timeMillis: 1471742399676] [levelValue: 800] [[
  Grizzly Framework 2.3.15 started in: 10ms - bound to [/0.0.0.0:3700]]]

[2016-08-20T22:19:59.679-0300] [glassfish 4.1] [INFO] [NCLS-CORE-00017] [javax.enterprise.system.core] [tid: _ThreadID=1 _ThreadName=main] [timeMillis: 1471742399679] [levelValue: 800] [[
  GlassFish Server Open Source Edition  4.1  (13) startup time : Felix (40.770ms), startup services(6.377ms), total(47.147ms)]]

[2016-08-20T22:20:00.753-0300] [glassfish 4.1] [INFO] [NCLS-CORE-00087] [javax.enterprise.system.core] [tid: _ThreadID=16 _ThreadName=RunLevelControllerThread-1471742393309] [timeMillis: 1471742400753] [levelValue: 800] [[
  Grizzly Framework 2.3.15 started in: 8ms - bound to [/0.0.0.0:7676]]]

[2016-08-20T22:20:01.185-0300] [glassfish 4.1] [INFO] [NCLS-JMX-00005] [javax.enterprise.system.jmx] [tid: _ThreadID=56 _ThreadName=Thread-14] [timeMillis: 1471742401185] [levelValue: 800] [[
  JMXStartupService has started JMXConnector on JMXService URL service:jmx:rmi://Filipe-PC:8686/jndi/rmi://Filipe-PC:8686/jmxrmi]]

[2016-08-20T22:20:01.537-0300] [glassfish 4.1] [INFO] [] [org.hibernate.validator.internal.util.Version] [tid: _ThreadID=46 _ThreadName=admin-listener(1)] [timeMillis: 1471742401537] [levelValue: 800] [[
  HV000001: Hibernate Validator 5.0.0.Final]]

[2016-08-20T22:20:02.311-0300] [glassfish 4.1] [INFO] [NCLS-CORE-00087] [javax.enterprise.system.core] [tid: _ThreadID=73 _ThreadName=pool-15-thread-1] [timeMillis: 1471742402311] [levelValue: 800] [[
  Grizzly Framework 2.3.15 started in: 20ms - bound to [/0.0.0.0:8181]]]

[2016-08-20T22:20:02.354-0300] [glassfish 4.1] [INFO] [NCLS-BOOTSTRAP-00027] [javax.enterprise.bootstrap] [tid: _ThreadID=1 _ThreadName=main] [timeMillis: 1471742402354] [levelValue: 800] [[
  Registered com.sun.enterprise.glassfish.bootstrap.osgi.EmbeddedOSGiGlassFishImpl@cb0f763 as OSGi service registration: org.apache.felix.framework.ServiceRegistrationImpl@70e02081.]]

[2016-08-20T22:20:02.618-0300] [glassfish 4.1] [INFO] [NCLS-CORE-00087] [javax.enterprise.system.core] [tid: _ThreadID=73 _ThreadName=pool-15-thread-1] [timeMillis: 1471742402618] [levelValue: 800] [[
  Grizzly Framework 2.3.15 started in: 42ms - bound to [/0.0.0.0:8080]]]

[2016-08-20T22:20:07.163-0300] [glassfish 4.1] [INFO] [] [javax.enterprise.system.tools.deployment.common] [tid: _ThreadID=49 _ThreadName=admin-listener(4)] [timeMillis: 1471742407163] [levelValue: 800] [[
  visiting unvisited references]]

[2016-08-20T22:20:07.720-0300] [glassfish 4.1] [INFO] [NCLS-SECURITY-01002] [javax.enterprise.system.core.security] [tid: _ThreadID=49 _ThreadName=admin-listener(4)] [timeMillis: 1471742407720] [levelValue: 800] [[
  Java security manager is disabled.]]

[2016-08-20T22:20:07.721-0300] [glassfish 4.1] [INFO] [NCLS-SECURITY-01010] [javax.enterprise.system.core.security] [tid: _ThreadID=49 _ThreadName=admin-listener(4)] [timeMillis: 1471742407721] [levelValue: 800] [[
  Entering Security Startup Service.]]

[2016-08-20T22:20:07.727-0300] [glassfish 4.1] [INFO] [NCLS-SECURITY-01143] [javax.enterprise.system.core.security] [tid: _ThreadID=49 _ThreadName=admin-listener(4)] [timeMillis: 1471742407727] [levelValue: 800] [[
  Loading policy provider com.sun.enterprise.security.provider.PolicyWrapper.]]

[2016-08-20T22:20:07.797-0300] [glassfish 4.1] [INFO] [NCLS-SECURITY-01011] [javax.enterprise.system.core.security] [tid: _ThreadID=49 _ThreadName=admin-listener(4)] [timeMillis: 1471742407797] [levelValue: 800] [[
  Security Service(s) started successfully.]]

[2016-08-20T22:20:08.275-0300] [glassfish 4.1] [INFO] [AS-WEB-GLUE-00198] [javax.enterprise.web] [tid: _ThreadID=49 _ThreadName=admin-listener(4)] [timeMillis: 1471742408275] [levelValue: 800] [[
  Created HTTP listener http-listener-1 on host/port 0.0.0.0:8080]]

[2016-08-20T22:20:08.286-0300] [glassfish 4.1] [INFO] [AS-WEB-GLUE-00198] [javax.enterprise.web] [tid: _ThreadID=49 _ThreadName=admin-listener(4)] [timeMillis: 1471742408286] [levelValue: 800] [[
  Created HTTP listener http-listener-2 on host/port 0.0.0.0:8181]]

[2016-08-20T22:20:08.306-0300] [glassfish 4.1] [INFO] [AS-WEB-GLUE-00198] [javax.enterprise.web] [tid: _ThreadID=49 _ThreadName=admin-listener(4)] [timeMillis: 1471742408306] [levelValue: 800] [[
  Created HTTP listener admin-listener on host/port 0.0.0.0:4848]]

[2016-08-20T22:20:08.370-0300] [glassfish 4.1] [INFO] [AS-WEB-GLUE-00200] [javax.enterprise.web] [tid: _ThreadID=49 _ThreadName=admin-listener(4)] [timeMillis: 1471742408370] [levelValue: 800] [[
  Created virtual server server]]

[2016-08-20T22:20:08.375-0300] [glassfish 4.1] [INFO] [AS-WEB-GLUE-00200] [javax.enterprise.web] [tid: _ThreadID=49 _ThreadName=admin-listener(4)] [timeMillis: 1471742408375] [levelValue: 800] [[
  Created virtual server __asadmin]]

[2016-08-20T22:20:08.744-0300] [glassfish 4.1] [INFO] [AS-WEB-CORE-00306] [javax.enterprise.web.core] [tid: _ThreadID=49 _ThreadName=admin-listener(4)] [timeMillis: 1471742408744] [levelValue: 800] [[
  Setting JAAS app name glassfish-web]]

[2016-08-20T22:20:08.746-0300] [glassfish 4.1] [INFO] [AS-WEB-GLUE-00201] [javax.enterprise.web] [tid: _ThreadID=49 _ThreadName=admin-listener(4)] [timeMillis: 1471742408746] [levelValue: 800] [[
  Virtual server server loaded default web module ]]

[2016-08-20T22:20:09.623-0300] [glassfish 4.1] [INFO] [] [javax.enterprise.system.tools.deployment.common] [tid: _ThreadID=49 _ThreadName=admin-listener(4)] [timeMillis: 1471742409623] [levelValue: 800] [[
  visiting unvisited references]]

[2016-08-20T22:20:09.941-0300] [glassfish 4.1] [INFO] [] [javax.enterprise.system.tools.deployment.common] [tid: _ThreadID=49 _ThreadName=admin-listener(4)] [timeMillis: 1471742409941] [levelValue: 800] [[
  visiting unvisited references]]

[2016-08-20T22:20:10.459-0300] [glassfish 4.1] [INFO] [] [javax.enterprise.system.tools.deployment.dol] [tid: _ThreadID=49 _ThreadName=admin-listener(4)] [timeMillis: 1471742410459] [levelValue: 800] [[
  visiting unvisited references]]

[2016-08-20T22:20:13.018-0300] [glassfish 4.1] [INFO] [] [org.eclipse.persistence.session.file:/C:/Users/Filipe/Dropbox/BSI/6°Periodo/Nova Pasta/house-cup-bugteam/build/web/WEB-INF/classes/_Projeto-pu] [tid: _ThreadID=49 _ThreadName=admin-listener(4)] [timeMillis: 1471742413018] [levelValue: 800] [[
  EclipseLink, version: Eclipse Persistence Services - 2.5.2.v20140319-9ad6abd]]

[2016-08-20T22:20:15.554-0300] [glassfish 4.1] [INFO] [] [org.eclipse.persistence.session.file:/C:/Users/Filipe/Dropbox/BSI/6°Periodo/Nova Pasta/house-cup-bugteam/build/web/WEB-INF/classes/_Projeto-pu.connection] [tid: _ThreadID=49 _ThreadName=admin-listener(4)] [timeMillis: 1471742415554] [levelValue: 800] [[
  file:/C:/Users/Filipe/Dropbox/BSI/6°Periodo/Nova Pasta/house-cup-bugteam/build/web/WEB-INF/classes/_Projeto-pu login successful]]

[2016-08-20T22:20:16.559-0300] [glassfish 4.1] [INFO] [AS-WEB-GLUE-00172] [javax.enterprise.web] [tid: _ThreadID=49 _ThreadName=admin-listener(4)] [timeMillis: 1471742416559] [levelValue: 800] [[
  Loading application [Projeto] at [/house-cup-bugteam]]]

[2016-08-20T22:20:16.674-0300] [glassfish 4.1] [INFO] [] [javax.enterprise.system.core] [tid: _ThreadID=49 _ThreadName=admin-listener(4)] [timeMillis: 1471742416674] [levelValue: 800] [[
  Projeto was successfully deployed in 9.822 milliseconds.]]

[2016-08-20T22:20:20.074-0300] [glassfish 4.1] [SEVERE] [] [Servlets.ProfessorController] [tid: _ThreadID=89 _ThreadName=http-listener-1(4)] [timeMillis: 1471742420074] [levelValue: 1000] [[
  
br.cesjf.lpwsd.dao.exceptions.RollbackFailureException: An error occurred attempting to roll back the transaction.
	at br.cesjf.lpwsd.dao.AlunoJpaController.create(AlunoJpaController.java:49)
	at Servlets.ProfessorController.doGet(ProfessorController.java:54)
	at javax.servlet.http.HttpServlet.service(HttpServlet.java:687)
	at javax.servlet.http.HttpServlet.service(HttpServlet.java:790)
	at org.apache.catalina.core.StandardWrapper.service(StandardWrapper.java:1682)
	at org.apache.catalina.core.StandardWrapperValve.invoke(StandardWrapperValve.java:318)
	at org.apache.catalina.core.StandardContextValve.invoke(StandardContextValve.java:160)
	at org.apache.catalina.core.StandardPipeline.doInvoke(StandardPipeline.java:734)
	at org.apache.catalina.core.StandardPipeline.invoke(StandardPipeline.java:673)
	at com.sun.enterprise.web.WebPipeline.invoke(WebPipeline.java:99)
	at org.apache.catalina.core.StandardHostValve.invoke(StandardHostValve.java:174)
	at org.apache.catalina.connector.CoyoteAdapter.doService(CoyoteAdapter.java:415)
	at org.apache.catalina.connector.CoyoteAdapter.service(CoyoteAdapter.java:282)
	at com.sun.enterprise.v3.services.impl.ContainerMapper$HttpHandlerCallable.call(ContainerMapper.java:459)
	at com.sun.enterprise.v3.services.impl.ContainerMapper.service(ContainerMapper.java:167)
	at org.glassfish.grizzly.http.server.HttpHandler.runService(HttpHandler.java:201)
	at org.glassfish.grizzly.http.server.HttpHandler.doHandle(HttpHandler.java:175)
	at org.glassfish.grizzly.http.server.HttpServerFilter.handleRead(HttpServerFilter.java:235)
	at org.glassfish.grizzly.filterchain.ExecutorResolver$9.execute(ExecutorResolver.java:119)
	at org.glassfish.grizzly.filterchain.DefaultFilterChain.executeFilter(DefaultFilterChain.java:284)
	at org.glassfish.grizzly.filterchain.DefaultFilterChain.executeChainPart(DefaultFilterChain.java:201)
	at org.glassfish.grizzly.filterchain.DefaultFilterChain.execute(DefaultFilterChain.java:133)
	at org.glassfish.grizzly.filterchain.DefaultFilterChain.process(DefaultFilterChain.java:112)
	at org.glassfish.grizzly.ProcessorExecutor.execute(ProcessorExecutor.java:77)
	at org.glassfish.grizzly.nio.transport.TCPNIOTransport.fireIOEvent(TCPNIOTransport.java:561)
	at org.glassfish.grizzly.strategies.AbstractIOStrategy.fireIOEvent(AbstractIOStrategy.java:112)
	at org.glassfish.grizzly.strategies.WorkerThreadIOStrategy.run0(WorkerThreadIOStrategy.java:117)
	at org.glassfish.grizzly.strategies.WorkerThreadIOStrategy.access$100(WorkerThreadIOStrategy.java:56)
	at org.glassfish.grizzly.strategies.WorkerThreadIOStrategy$WorkerThreadRunnable.run(WorkerThreadIOStrategy.java:137)
	at org.glassfish.grizzly.threadpool.AbstractThreadPool$Worker.doWork(AbstractThreadPool.java:565)
	at org.glassfish.grizzly.threadpool.AbstractThreadPool$Worker.run(AbstractThreadPool.java:545)
	at java.lang.Thread.run(Thread.java:745)
Caused by: java.lang.NullPointerException
	at br.cesjf.lpwsd.dao.AlunoJpaController.create(AlunoJpaController.java:47)
	... 31 more
]]

[2016-08-20T22:22:04.826-0300] [glassfish 4.1] [INFO] [] [] [tid: _ThreadID=82 _ThreadName=PingService] [timeMillis: 1471742524826] [levelValue: 800] [[
  Domain Pinged: release.glassfish.org]]

[2016-08-20T22:22:56.468-0300] [glassfish 4.1] [INFO] [] [org.eclipse.persistence.session.file:/C:/Users/Filipe/Dropbox/BSI/6°Periodo/Nova Pasta/house-cup-bugteam/build/web/WEB-INF/classes/_Projeto-pu.connection] [tid: _ThreadID=50 _ThreadName=admin-listener(5)] [timeMillis: 1471742576468] [levelValue: 800] [[
  file:/C:/Users/Filipe/Dropbox/BSI/6°Periodo/Nova Pasta/house-cup-bugteam/build/web/WEB-INF/classes/_Projeto-pu logout successful]]

[2016-08-20T22:22:56.688-0300] [glassfish 4.1] [INFO] [] [javax.enterprise.system.tools.deployment.common] [tid: _ThreadID=50 _ThreadName=admin-listener(5)] [timeMillis: 1471742576688] [levelValue: 800] [[
  visiting unvisited references]]

[2016-08-20T22:22:56.761-0300] [glassfish 4.1] [INFO] [] [javax.enterprise.system.tools.deployment.common] [tid: _ThreadID=50 _ThreadName=admin-listener(5)] [timeMillis: 1471742576761] [levelValue: 800] [[
  visiting unvisited references]]

[2016-08-20T22:22:56.782-0300] [glassfish 4.1] [INFO] [] [javax.enterprise.system.tools.deployment.common] [tid: _ThreadID=50 _ThreadName=admin-listener(5)] [timeMillis: 1471742576782] [levelValue: 800] [[
  visiting unvisited references]]

[2016-08-20T22:22:56.937-0300] [glassfish 4.1] [INFO] [] [org.eclipse.persistence.session.file:/C:/Users/Filipe/Dropbox/BSI/6°Periodo/Nova Pasta/house-cup-bugteam/build/web/WEB-INF/classes/_Projeto-pu] [tid: _ThreadID=50 _ThreadName=admin-listener(5)] [timeMillis: 1471742576937] [levelValue: 800] [[
  EclipseLink, version: Eclipse Persistence Services - 2.5.2.v20140319-9ad6abd]]

[2016-08-20T22:22:56.940-0300] [glassfish 4.1] [INFO] [] [org.eclipse.persistence.session.file:/C:/Users/Filipe/Dropbox/BSI/6°Periodo/Nova Pasta/house-cup-bugteam/build/web/WEB-INF/classes/_Projeto-pu.connection] [tid: _ThreadID=50 _ThreadName=admin-listener(5)] [timeMillis: 1471742576940] [levelValue: 800] [[
  file:/C:/Users/Filipe/Dropbox/BSI/6°Periodo/Nova Pasta/house-cup-bugteam/build/web/WEB-INF/classes/_Projeto-pu login successful]]

[2016-08-20T22:22:57.059-0300] [glassfish 4.1] [INFO] [AS-WEB-GLUE-00172] [javax.enterprise.web] [tid: _ThreadID=50 _ThreadName=admin-listener(5)] [timeMillis: 1471742577059] [levelValue: 800] [[
  Loading application [Projeto] at [/house-cup-bugteam]]]

[2016-08-20T22:22:57.189-0300] [glassfish 4.1] [INFO] [] [javax.enterprise.system.core] [tid: _ThreadID=50 _ThreadName=admin-listener(5)] [timeMillis: 1471742577189] [levelValue: 800] [[
  Projeto was successfully deployed in 844 milliseconds.]]

[2016-08-20T22:22:59.390-0300] [glassfish 4.1] [WARNING] [] [org.eclipse.persistence.session.file:/C:/Users/Filipe/Dropbox/BSI/6°Periodo/Nova Pasta/house-cup-bugteam/build/web/WEB-INF/classes/_Projeto-pu] [tid: _ThreadID=87 _ThreadName=http-listener-1(2)] [timeMillis: 1471742579390] [levelValue: 900] [[
  
Local Exception Stack: 
Exception [EclipseLink-4002] (Eclipse Persistence Services - 2.5.2.v20140319-9ad6abd): org.eclipse.persistence.exceptions.DatabaseException
Internal Exception: java.sql.SQLSyntaxErrorException: A coluna 'NOME' não está presente em nenhuma tabela da lista FROM, ou aparece dentro de uma especificação de junção e está fora do escopo da especificação de junção, ou aparece em uma cláusula HAVING e não está na lista GROUP BY. Se esta for uma instrução CREATE ou ALTER TABLE, então, 'NOME' não é uma coluna da tabela de destino.
Error Code: 30000
Call: SELECT ID, NOME, PERIODO, PONTOS FROM ALUNO
Query: ReadAllQuery(referenceClass=Aluno sql="SELECT ID, NOME, PERIODO, PONTOS FROM ALUNO")
	at org.eclipse.persistence.exceptions.DatabaseException.sqlException(DatabaseException.java:340)
	at org.eclipse.persistence.internal.databaseaccess.DatabaseAccessor.basicExecuteCall(DatabaseAccessor.java:682)
	at org.eclipse.persistence.internal.databaseaccess.DatabaseAccessor.executeCall(DatabaseAccessor.java:558)
	at org.eclipse.persistence.internal.sessions.AbstractSession.basicExecuteCall(AbstractSession.java:2002)
	at org.eclipse.persistence.sessions.server.ServerSession.executeCall(ServerSession.java:570)
	at org.eclipse.persistence.internal.queries.DatasourceCallQueryMechanism.executeCall(DatasourceCallQueryMechanism.java:242)
	at org.eclipse.persistence.internal.queries.DatasourceCallQueryMechanism.executeCall(DatasourceCallQueryMechanism.java:228)
	at org.eclipse.persistence.internal.queries.DatasourceCallQueryMechanism.executeSelectCall(DatasourceCallQueryMechanism.java:299)
	at org.eclipse.persistence.internal.queries.DatasourceCallQueryMechanism.selectAllRows(DatasourceCallQueryMechanism.java:694)
	at org.eclipse.persistence.internal.queries.ExpressionQueryMechanism.selectAllRowsFromTable(ExpressionQueryMechanism.java:2738)
	at org.eclipse.persistence.internal.queries.ExpressionQueryMechanism.selectAllRows(ExpressionQueryMechanism.java:2691)
	at org.eclipse.persistence.queries.ReadAllQuery.executeObjectLevelReadQuery(ReadAllQuery.java:495)
	at org.eclipse.persistence.queries.ObjectLevelReadQuery.executeDatabaseQuery(ObjectLevelReadQuery.java:1168)
	at org.eclipse.persistence.queries.DatabaseQuery.execute(DatabaseQuery.java:899)
	at org.eclipse.persistence.queries.ObjectLevelReadQuery.execute(ObjectLevelReadQuery.java:1127)
	at org.eclipse.persistence.queries.ReadAllQuery.execute(ReadAllQuery.java:403)
	at org.eclipse.persistence.queries.ObjectLevelReadQuery.executeInUnitOfWork(ObjectLevelReadQuery.java:1215)
	at org.eclipse.persistence.internal.sessions.UnitOfWorkImpl.internalExecuteQuery(UnitOfWorkImpl.java:2896)
	at org.eclipse.persistence.internal.sessions.AbstractSession.executeQuery(AbstractSession.java:1804)
	at org.eclipse.persistence.internal.sessions.AbstractSession.executeQuery(AbstractSession.java:1786)
	at org.eclipse.persistence.internal.sessions.AbstractSession.executeQuery(AbstractSession.java:1751)
	at org.eclipse.persistence.internal.jpa.QueryImpl.executeReadQuery(QueryImpl.java:258)
	at org.eclipse.persistence.internal.jpa.QueryImpl.getResultList(QueryImpl.java:469)
	at Servlets.ProfessorController.listAll(ProfessorController.java:75)
	at Servlets.ProfessorController.doGet(ProfessorController.java:60)
	at javax.servlet.http.HttpServlet.service(HttpServlet.java:687)
	at javax.servlet.http.HttpServlet.service(HttpServlet.java:790)
	at org.apache.catalina.core.StandardWrapper.service(StandardWrapper.java:1682)
	at org.apache.catalina.core.StandardWrapperValve.invoke(StandardWrapperValve.java:318)
	at org.apache.catalina.core.StandardContextValve.invoke(StandardContextValve.java:160)
	at org.apache.catalina.core.StandardPipeline.doInvoke(StandardPipeline.java:734)
	at org.apache.catalina.core.StandardPipeline.invoke(StandardPipeline.java:673)
	at com.sun.enterprise.web.WebPipeline.invoke(WebPipeline.java:99)
	at org.apache.catalina.core.StandardHostValve.invoke(StandardHostValve.java:174)
	at org.apache.catalina.connector.CoyoteAdapter.doService(CoyoteAdapter.java:415)
	at org.apache.catalina.connector.CoyoteAdapter.service(CoyoteAdapter.java:282)
	at com.sun.enterprise.v3.services.impl.ContainerMapper$HttpHandlerCallable.call(ContainerMapper.java:459)
	at com.sun.enterprise.v3.services.impl.ContainerMapper.service(ContainerMapper.java:167)
	at org.glassfish.grizzly.http.server.HttpHandler.runService(HttpHandler.java:201)
	at org.glassfish.grizzly.http.server.HttpHandler.doHandle(HttpHandler.java:175)
	at org.glassfish.grizzly.http.server.HttpServerFilter.handleRead(HttpServerFilter.java:235)
	at org.glassfish.grizzly.filterchain.ExecutorResolver$9.execute(ExecutorResolver.java:119)
	at org.glassfish.grizzly.filterchain.DefaultFilterChain.executeFilter(DefaultFilterChain.java:284)
	at org.glassfish.grizzly.filterchain.DefaultFilterChain.executeChainPart(DefaultFilterChain.java:201)
	at org.glassfish.grizzly.filterchain.DefaultFilterChain.execute(DefaultFilterChain.java:133)
	at org.glassfish.grizzly.filterchain.DefaultFilterChain.process(DefaultFilterChain.java:112)
	at org.glassfish.grizzly.ProcessorExecutor.execute(ProcessorExecutor.java:77)
	at org.glassfish.grizzly.nio.transport.TCPNIOTransport.fireIOEvent(TCPNIOTransport.java:561)
	at org.glassfish.grizzly.strategies.AbstractIOStrategy.fireIOEvent(AbstractIOStrategy.java:112)
	at org.glassfish.grizzly.strategies.WorkerThreadIOStrategy.run0(WorkerThreadIOStrategy.java:117)
	at org.glassfish.grizzly.strategies.WorkerThreadIOStrategy.access$100(WorkerThreadIOStrategy.java:56)
	at org.glassfish.grizzly.strategies.WorkerThreadIOStrategy$WorkerThreadRunnable.run(WorkerThreadIOStrategy.java:137)
	at org.glassfish.grizzly.threadpool.AbstractThreadPool$Worker.doWork(AbstractThreadPool.java:565)
	at org.glassfish.grizzly.threadpool.AbstractThreadPool$Worker.run(AbstractThreadPool.java:545)
	at java.lang.Thread.run(Thread.java:745)
Caused by: java.sql.SQLSyntaxErrorException: A coluna 'NOME' não está presente em nenhuma tabela da lista FROM, ou aparece dentro de uma especificação de junção e está fora do escopo da especificação de junção, ou aparece em uma cláusula HAVING e não está na lista GROUP BY. Se esta for uma instrução CREATE ou ALTER TABLE, então, 'NOME' não é uma coluna da tabela de destino.
	at org.apache.derby.client.am.SQLExceptionFactory40.getSQLException(Unknown Source)
	at org.apache.derby.client.am.SqlException.getSQLException(Unknown Source)
	at org.apache.derby.client.am.Connection.prepareStatement(Unknown Source)
	at com.sun.gjc.spi.base.ConnectionHolder.prepareStatement(ConnectionHolder.java:586)
	at com.sun.gjc.spi.jdbc40.ConnectionWrapper40.prepareCachedStatement(ConnectionWrapper40.java:255)
	at com.sun.gjc.spi.jdbc40.ConnectionWrapper40.prepareCachedStatement(ConnectionWrapper40.java:52)
	at com.sun.gjc.spi.ManagedConnectionImpl.prepareCachedStatement(ManagedConnectionImpl.java:992)
	at com.sun.gjc.spi.jdbc40.ConnectionWrapper40.prepareStatement(ConnectionWrapper40.java:173)
	at org.eclipse.persistence.internal.databaseaccess.DatabaseAccessor.prepareStatement(DatabaseAccessor.java:1556)
	at org.eclipse.persistence.internal.databaseaccess.DatabaseAccessor.prepareStatement(DatabaseAccessor.java:1505)
	at org.eclipse.persistence.internal.databaseaccess.DatabaseCall.prepareStatement(DatabaseCall.java:778)
	at org.eclipse.persistence.internal.databaseaccess.DatabaseAccessor.basicExecuteCall(DatabaseAccessor.java:619)
	... 53 more
Caused by: org.apache.derby.client.am.SqlException: A coluna 'NOME' não está presente em nenhuma tabela da lista FROM, ou aparece dentro de uma especificação de junção e está fora do escopo da especificação de junção, ou aparece em uma cláusula HAVING e não está na lista GROUP BY. Se esta for uma instrução CREATE ou ALTER TABLE, então, 'NOME' não é uma coluna da tabela de destino.
	at org.apache.derby.client.am.Statement.completeSqlca(Unknown Source)
	at org.apache.derby.client.net.NetStatementReply.parsePrepareError(Unknown Source)
	at org.apache.derby.client.net.NetStatementReply.parsePRPSQLSTTreply(Unknown Source)
	at org.apache.derby.client.net.NetStatementReply.readPrepareDescribeOutput(Unknown Source)
	at org.apache.derby.client.net.StatementReply.readPrepareDescribeOutput(Unknown Source)
	at org.apache.derby.client.net.NetStatement.readPrepareDescribeOutput_(Unknown Source)
	at org.apache.derby.client.am.Statement.readPrepareDescribeOutput(Unknown Source)
	at org.apache.derby.client.am.PreparedStatement.readPrepareDescribeInputOutput(Unknown Source)
	at org.apache.derby.client.am.PreparedStatement.flowPrepareDescribeInputOutput(Unknown Source)
	at org.apache.derby.client.am.PreparedStatement.prepare(Unknown Source)
	at org.apache.derby.client.am.Connection.prepareStatementX(Unknown Source)
	... 63 more
]]

[2016-08-20T22:22:59.407-0300] [glassfish 4.1] [WARNING] [] [javax.enterprise.web] [tid: _ThreadID=87 _ThreadName=http-listener-1(2)] [timeMillis: 1471742579407] [levelValue: 900] [[
  StandardWrapperValve[ProfessorController]: Servlet.service() for servlet ProfessorController threw exception
javax.persistence.PersistenceException: Exception [EclipseLink-4002] (Eclipse Persistence Services - 2.5.2.v20140319-9ad6abd): org.eclipse.persistence.exceptions.DatabaseException
Internal Exception: java.sql.SQLSyntaxErrorException: A coluna 'NOME' não está presente em nenhuma tabela da lista FROM, ou aparece dentro de uma especificação de junção e está fora do escopo da especificação de junção, ou aparece em uma cláusula HAVING e não está na lista GROUP BY. Se esta for uma instrução CREATE ou ALTER TABLE, então, 'NOME' não é uma coluna da tabela de destino.
Error Code: 30000
Call: SELECT ID, NOME, PERIODO, PONTOS FROM ALUNO
Query: ReadAllQuery(referenceClass=Aluno sql="SELECT ID, NOME, PERIODO, PONTOS FROM ALUNO")
	at org.eclipse.persistence.internal.jpa.QueryImpl.getDetailedException(QueryImpl.java:378)
	at org.eclipse.persistence.internal.jpa.QueryImpl.executeReadQuery(QueryImpl.java:260)
	at org.eclipse.persistence.internal.jpa.QueryImpl.getResultList(QueryImpl.java:469)
	at Servlets.ProfessorController.listAll(ProfessorController.java:75)
	at Servlets.ProfessorController.doGet(ProfessorController.java:60)
	at javax.servlet.http.HttpServlet.service(HttpServlet.java:687)
	at javax.servlet.http.HttpServlet.service(HttpServlet.java:790)
	at org.apache.catalina.core.StandardWrapper.service(StandardWrapper.java:1682)
	at org.apache.catalina.core.StandardWrapperValve.invoke(StandardWrapperValve.java:318)
	at org.apache.catalina.core.StandardContextValve.invoke(StandardContextValve.java:160)
	at org.apache.catalina.core.StandardPipeline.doInvoke(StandardPipeline.java:734)
	at org.apache.catalina.core.StandardPipeline.invoke(StandardPipeline.java:673)
	at com.sun.enterprise.web.WebPipeline.invoke(WebPipeline.java:99)
	at org.apache.catalina.core.StandardHostValve.invoke(StandardHostValve.java:174)
	at org.apache.catalina.connector.CoyoteAdapter.doService(CoyoteAdapter.java:415)
	at org.apache.catalina.connector.CoyoteAdapter.service(CoyoteAdapter.java:282)
	at com.sun.enterprise.v3.services.impl.ContainerMapper$HttpHandlerCallable.call(ContainerMapper.java:459)
	at com.sun.enterprise.v3.services.impl.ContainerMapper.service(ContainerMapper.java:167)
	at org.glassfish.grizzly.http.server.HttpHandler.runService(HttpHandler.java:201)
	at org.glassfish.grizzly.http.server.HttpHandler.doHandle(HttpHandler.java:175)
	at org.glassfish.grizzly.http.server.HttpServerFilter.handleRead(HttpServerFilter.java:235)
	at org.glassfish.grizzly.filterchain.ExecutorResolver$9.execute(ExecutorResolver.java:119)
	at org.glassfish.grizzly.filterchain.DefaultFilterChain.executeFilter(DefaultFilterChain.java:284)
	at org.glassfish.grizzly.filterchain.DefaultFilterChain.executeChainPart(DefaultFilterChain.java:201)
	at org.glassfish.grizzly.filterchain.DefaultFilterChain.execute(DefaultFilterChain.java:133)
	at org.glassfish.grizzly.filterchain.DefaultFilterChain.process(DefaultFilterChain.java:112)
	at org.glassfish.grizzly.ProcessorExecutor.execute(ProcessorExecutor.java:77)
	at org.glassfish.grizzly.nio.transport.TCPNIOTransport.fireIOEvent(TCPNIOTransport.java:561)
	at org.glassfish.grizzly.strategies.AbstractIOStrategy.fireIOEvent(AbstractIOStrategy.java:112)
	at org.glassfish.grizzly.strategies.WorkerThreadIOStrategy.run0(WorkerThreadIOStrategy.java:117)
	at org.glassfish.grizzly.strategies.WorkerThreadIOStrategy.access$100(WorkerThreadIOStrategy.java:56)
	at org.glassfish.grizzly.strategies.WorkerThreadIOStrategy$WorkerThreadRunnable.run(WorkerThreadIOStrategy.java:137)
	at org.glassfish.grizzly.threadpool.AbstractThreadPool$Worker.doWork(AbstractThreadPool.java:565)
	at org.glassfish.grizzly.threadpool.AbstractThreadPool$Worker.run(AbstractThreadPool.java:545)
	at java.lang.Thread.run(Thread.java:745)
Caused by: Exception [EclipseLink-4002] (Eclipse Persistence Services - 2.5.2.v20140319-9ad6abd): org.eclipse.persistence.exceptions.DatabaseException
Internal Exception: java.sql.SQLSyntaxErrorException: A coluna 'NOME' não está presente em nenhuma tabela da lista FROM, ou aparece dentro de uma especificação de junção e está fora do escopo da especificação de junção, ou aparece em uma cláusula HAVING e não está na lista GROUP BY. Se esta for uma instrução CREATE ou ALTER TABLE, então, 'NOME' não é uma coluna da tabela de destino.
Error Code: 30000
Call: SELECT ID, NOME, PERIODO, PONTOS FROM ALUNO
Query: ReadAllQuery(referenceClass=Aluno sql="SELECT ID, NOME, PERIODO, PONTOS FROM ALUNO")
	at org.eclipse.persistence.exceptions.DatabaseException.sqlException(DatabaseException.java:340)
	at org.eclipse.persistence.internal.databaseaccess.DatabaseAccessor.basicExecuteCall(DatabaseAccessor.java:682)
	at org.eclipse.persistence.internal.databaseaccess.DatabaseAccessor.executeCall(DatabaseAccessor.java:558)
	at org.eclipse.persistence.internal.sessions.AbstractSession.basicExecuteCall(AbstractSession.java:2002)
	at org.eclipse.persistence.sessions.server.ServerSession.executeCall(ServerSession.java:570)
	at org.eclipse.persistence.internal.queries.DatasourceCallQueryMechanism.executeCall(DatasourceCallQueryMechanism.java:242)
	at org.eclipse.persistence.internal.queries.DatasourceCallQueryMechanism.executeCall(DatasourceCallQueryMechanism.java:228)
	at org.eclipse.persistence.internal.queries.DatasourceCallQueryMechanism.executeSelectCall(DatasourceCallQueryMechanism.java:299)
	at org.eclipse.persistence.internal.queries.DatasourceCallQueryMechanism.selectAllRows(DatasourceCallQueryMechanism.java:694)
	at org.eclipse.persistence.internal.queries.ExpressionQueryMechanism.selectAllRowsFromTable(ExpressionQueryMechanism.java:2738)
	at org.eclipse.persistence.internal.queries.ExpressionQueryMechanism.selectAllRows(ExpressionQueryMechanism.java:2691)
	at org.eclipse.persistence.queries.ReadAllQuery.executeObjectLevelReadQuery(ReadAllQuery.java:495)
	at org.eclipse.persistence.queries.ObjectLevelReadQuery.executeDatabaseQuery(ObjectLevelReadQuery.java:1168)
	at org.eclipse.persistence.queries.DatabaseQuery.execute(DatabaseQuery.java:899)
	at org.eclipse.persistence.queries.ObjectLevelReadQuery.execute(ObjectLevelReadQuery.java:1127)
	at org.eclipse.persistence.queries.ReadAllQuery.execute(ReadAllQuery.java:403)
	at org.eclipse.persistence.queries.ObjectLevelReadQuery.executeInUnitOfWork(ObjectLevelReadQuery.java:1215)
	at org.eclipse.persistence.internal.sessions.UnitOfWorkImpl.internalExecuteQuery(UnitOfWorkImpl.java:2896)
	at org.eclipse.persistence.internal.sessions.AbstractSession.executeQuery(AbstractSession.java:1804)
	at org.eclipse.persistence.internal.sessions.AbstractSession.executeQuery(AbstractSession.java:1786)
	at org.eclipse.persistence.internal.sessions.AbstractSession.executeQuery(AbstractSession.java:1751)
	at org.eclipse.persistence.internal.jpa.QueryImpl.executeReadQuery(QueryImpl.java:258)
	... 33 more
Caused by: java.sql.SQLSyntaxErrorException: A coluna 'NOME' não está presente em nenhuma tabela da lista FROM, ou aparece dentro de uma especificação de junção e está fora do escopo da especificação de junção, ou aparece em uma cláusula HAVING e não está na lista GROUP BY. Se esta for uma instrução CREATE ou ALTER TABLE, então, 'NOME' não é uma coluna da tabela de destino.
	at org.apache.derby.client.am.SQLExceptionFactory40.getSQLException(Unknown Source)
	at org.apache.derby.client.am.SqlException.getSQLException(Unknown Source)
	at org.apache.derby.client.am.Connection.prepareStatement(Unknown Source)
	at com.sun.gjc.spi.base.ConnectionHolder.prepareStatement(ConnectionHolder.java:586)
	at com.sun.gjc.spi.jdbc40.ConnectionWrapper40.prepareCachedStatement(ConnectionWrapper40.java:255)
	at com.sun.gjc.spi.jdbc40.ConnectionWrapper40.prepareCachedStatement(ConnectionWrapper40.java:52)
	at com.sun.gjc.spi.ManagedConnectionImpl.prepareCachedStatement(ManagedConnectionImpl.java:992)
	at com.sun.gjc.spi.jdbc40.ConnectionWrapper40.prepareStatement(ConnectionWrapper40.java:173)
	at org.eclipse.persistence.internal.databaseaccess.DatabaseAccessor.prepareStatement(DatabaseAccessor.java:1556)
	at org.eclipse.persistence.internal.databaseaccess.DatabaseAccessor.prepareStatement(DatabaseAccessor.java:1505)
	at org.eclipse.persistence.internal.databaseaccess.DatabaseCall.prepareStatement(DatabaseCall.java:778)
	at org.eclipse.persistence.internal.databaseaccess.DatabaseAccessor.basicExecuteCall(DatabaseAccessor.java:619)
	... 53 more
Caused by: org.apache.derby.client.am.SqlException: A coluna 'NOME' não está presente em nenhuma tabela da lista FROM, ou aparece dentro de uma especificação de junção e está fora do escopo da especificação de junção, ou aparece em uma cláusula HAVING e não está na lista GROUP BY. Se esta for uma instrução CREATE ou ALTER TABLE, então, 'NOME' não é uma coluna da tabela de destino.
	at org.apache.derby.client.am.Statement.completeSqlca(Unknown Source)
	at org.apache.derby.client.net.NetStatementReply.parsePrepareError(Unknown Source)
	at org.apache.derby.client.net.NetStatementReply.parsePRPSQLSTTreply(Unknown Source)
	at org.apache.derby.client.net.NetStatementReply.readPrepareDescribeOutput(Unknown Source)
	at org.apache.derby.client.net.StatementReply.readPrepareDescribeOutput(Unknown Source)
	at org.apache.derby.client.net.NetStatement.readPrepareDescribeOutput_(Unknown Source)
	at org.apache.derby.client.am.Statement.readPrepareDescribeOutput(Unknown Source)
	at org.apache.derby.client.am.PreparedStatement.readPrepareDescribeInputOutput(Unknown Source)
	at org.apache.derby.client.am.PreparedStatement.flowPrepareDescribeInputOutput(Unknown Source)
	at org.apache.derby.client.am.PreparedStatement.prepare(Unknown Source)
	at org.apache.derby.client.am.Connection.prepareStatementX(Unknown Source)
	... 63 more
]]

[2016-08-20T22:24:52.178-0300] [glassfish 4.1] [INFO] [] [org.eclipse.persistence.session.file:/C:/Users/Filipe/Dropbox/BSI/6°Periodo/Nova Pasta/house-cup-bugteam/build/web/WEB-INF/classes/_Projeto-pu.connection] [tid: _ThreadID=48 _ThreadName=admin-listener(3)] [timeMillis: 1471742692178] [levelValue: 800] [[
  file:/C:/Users/Filipe/Dropbox/BSI/6°Periodo/Nova Pasta/house-cup-bugteam/build/web/WEB-INF/classes/_Projeto-pu logout successful]]

[2016-08-20T22:24:52.343-0300] [glassfish 4.1] [INFO] [] [javax.enterprise.system.tools.deployment.common] [tid: _ThreadID=48 _ThreadName=admin-listener(3)] [timeMillis: 1471742692343] [levelValue: 800] [[
  visiting unvisited references]]

[2016-08-20T22:24:52.409-0300] [glassfish 4.1] [INFO] [] [javax.enterprise.system.tools.deployment.common] [tid: _ThreadID=48 _ThreadName=admin-listener(3)] [timeMillis: 1471742692409] [levelValue: 800] [[
  visiting unvisited references]]

[2016-08-20T22:24:52.442-0300] [glassfish 4.1] [INFO] [] [javax.enterprise.system.tools.deployment.common] [tid: _ThreadID=48 _ThreadName=admin-listener(3)] [timeMillis: 1471742692442] [levelValue: 800] [[
  visiting unvisited references]]

[2016-08-20T22:24:52.587-0300] [glassfish 4.1] [INFO] [] [org.eclipse.persistence.session.file:/C:/Users/Filipe/Dropbox/BSI/6°Periodo/Nova Pasta/house-cup-bugteam/build/web/WEB-INF/classes/_Projeto-pu] [tid: _ThreadID=48 _ThreadName=admin-listener(3)] [timeMillis: 1471742692587] [levelValue: 800] [[
  EclipseLink, version: Eclipse Persistence Services - 2.5.2.v20140319-9ad6abd]]

[2016-08-20T22:24:52.592-0300] [glassfish 4.1] [INFO] [] [org.eclipse.persistence.session.file:/C:/Users/Filipe/Dropbox/BSI/6°Periodo/Nova Pasta/house-cup-bugteam/build/web/WEB-INF/classes/_Projeto-pu.connection] [tid: _ThreadID=48 _ThreadName=admin-listener(3)] [timeMillis: 1471742692592] [levelValue: 800] [[
  file:/C:/Users/Filipe/Dropbox/BSI/6°Periodo/Nova Pasta/house-cup-bugteam/build/web/WEB-INF/classes/_Projeto-pu login successful]]

[2016-08-20T22:24:53.539-0300] [glassfish 4.1] [INFO] [AS-WEB-GLUE-00172] [javax.enterprise.web] [tid: _ThreadID=48 _ThreadName=admin-listener(3)] [timeMillis: 1471742693539] [levelValue: 800] [[
  Loading application [Projeto] at [/house-cup-bugteam]]]

[2016-08-20T22:24:53.692-0300] [glassfish 4.1] [INFO] [] [javax.enterprise.system.core] [tid: _ThreadID=48 _ThreadName=admin-listener(3)] [timeMillis: 1471742693692] [levelValue: 800] [[
  Projeto was successfully deployed in 1.573 milliseconds.]]

[2016-08-20T23:13:09.877-0300] [glassfish 4.1] [INFO] [NCLS-CORE-00092] [javax.enterprise.system.core] [tid: _ThreadID=193 _ThreadName=Thread-35] [timeMillis: 1471745589877] [levelValue: 800] [[
  Server shutdown initiated]]

[2016-08-20T23:13:15.961-0300] [glassfish 4.1] [INFO] [NCLS-BOOTSTRAP-00028] [javax.enterprise.bootstrap] [tid: _ThreadID=193 _ThreadName=Thread-35] [timeMillis: 1471745595961] [levelValue: 800] [[
  Unregistered com.sun.enterprise.glassfish.bootstrap.osgi.EmbeddedOSGiGlassFishImpl@cb0f763 from service registry.]]

[2016-08-20T23:13:16.375-0300] [glassfish 4.1] [INFO] [] [] [tid: _ThreadID=193 _ThreadName=Thread-8] [timeMillis: 1471745596375] [levelValue: 800] [[
  FileMonitoring shutdown]]

[2016-08-20T23:13:18.489-0300] [glassfish 4.1] [INFO] [NCLS-JMX-00002] [javax.enterprise.system.jmx] [tid: _ThreadID=193 _ThreadName=Thread-35] [timeMillis: 1471745598489] [levelValue: 800] [[
  JMXStartupService: Stopped JMXConnectorServer: null]]

[2016-08-20T23:13:18.577-0300] [glassfish 4.1] [INFO] [NCLS-JMX-00001] [javax.enterprise.system.jmx] [tid: _ThreadID=193 _ThreadName=Thread-35] [timeMillis: 1471745598577] [levelValue: 800] [[
  JMXStartupService and JMXConnectors have been shut down.]]

[2016-08-20T23:13:25.576-0300] [glassfish 4.1] [INFO] [] [org.eclipse.persistence.session.file:/C:/Users/Filipe/Dropbox/BSI/6°Periodo/Nova Pasta/house-cup-bugteam/build/web/WEB-INF/classes/_Projeto-pu.connection] [tid: _ThreadID=196 _ThreadName=RunLevelControllerThread-1471745600954] [timeMillis: 1471745605576] [levelValue: 800] [[
  file:/C:/Users/Filipe/Dropbox/BSI/6°Periodo/Nova Pasta/house-cup-bugteam/build/web/WEB-INF/classes/_Projeto-pu logout successful]]

[2016-08-20T23:13:27.175-0300] [glassfish 4.1] [INFO] [] [] [tid: _ThreadID=198 _ThreadName=Thread-8] [timeMillis: 1471745607175] [levelValue: 800] [[
  JdbcRuntimeExtension,  getAllSystemRAResourcesAndPools = [GlassFishConfigBean.org.glassfish.jdbc.config.JdbcResource, GlassFishConfigBean.org.glassfish.jdbc.config.JdbcResource, GlassFishConfigBean.org.glassfish.jdbc.config.JdbcResource, GlassFishConfigBean.org.glassfish.jdbc.config.JdbcConnectionPool, GlassFishConfigBean.org.glassfish.jdbc.config.JdbcConnectionPool, GlassFishConfigBean.org.glassfish.jdbc.config.JdbcConnectionPool, GlassFishConfigBean.org.glassfish.jdbc.config.JdbcConnectionPool, GlassFishConfigBean.org.glassfish.jdbc.config.JdbcResource]]]

[2016-08-20T23:13:28.006-0300] [glassfish 4.1] [INFO] [ra.stop-successful] [javax.enterprise.resource.resourceadapter.com.sun.enterprise.connectors.service] [tid: _ThreadID=201 _ThreadName=Thread-42] [timeMillis: 1471745608006] [levelValue: 800] [[
  RAR7094: __ds_jdbc_ra shutdown successful.]]

